<?xml version="1.0" encoding="UTF-8"?>
<!-- Generated by org.testng.reporters.JUnitReportReporter -->
<testsuite hostname="DESKTOP-C8SIN83" failures="0" tests="1" name="gitbash.DemoTest" time="0.011" errors="0" timestamp="2023-03-10T15:33:12 IST" skipped="0">
  <testcase classname="gitbash.DemoTest" name="test" time="0.011"/>
  <system-out/>
</testsuite> <!-- gitbash.DemoTest -->
