<?xml version="1.0" encoding="UTF-8"?>
<!-- Generated by org.testng.reporters.JUnitReportReporter -->
<testsuite hostname="DESKTOP-C8SIN83" failures="0" tests="1" name="gitbash.practice" time="0.001" errors="0" timestamp="2023-03-10T14:53:18 IST" skipped="0">
  <testcase classname="gitbash.practice" name="ma" time="0.001"/>
  <system-out/>
</testsuite> <!-- gitbash.practice -->
