<?xml version="1.0" encoding="UTF-8"?>
<!-- Generated by org.testng.reporters.JUnitReportReporter -->
<testsuite skipped="0" hostname="DESKTOP-C8SIN83" name="gitbas1234.DemoTest" tests="1" failures="0" timestamp="2023-03-10T15:54:41 IST" time="0.004" errors="0">
  <testcase name="test" time="0.004" classname="gitbas1234.DemoTest"/>
  <system-out/>
</testsuite> <!-- gitbas1234.DemoTest -->
